\BOOKMARK [0][-]{chapter*.1}{\376\377\000L\000i\000s\000t\000\040\000o\000f\000\040\000F\000i\000g\000u\000r\000e\000s}{}% 1
\BOOKMARK [0][-]{chapter*.2}{\376\377\000L\000i\000s\000t\000\040\000o\000f\000\040\000T\000a\000b\000l\000e\000s}{}% 2
\BOOKMARK [0][-]{chapter*.3}{\376\377\000L\000i\000s\000t\000\040\000o\000f\000\040\000L\000i\000s\000t\000i\000n\000g\000s}{}% 3
\BOOKMARK [0][-]{chapter.1}{\376\377\000I\000n\000t\000r\000o\000d\000u\000c\000t\000i\000o\000n}{}% 4
\BOOKMARK [1][-]{section.1.1}{\376\377\000M\000o\000t\000i\000v\000a\000t\000i\000o\000n\000\040\000f\000o\000r\000\040\000M\000a\000c\000h\000i\000n\000e\000\040\000L\000e\000a\000r\000n\000i\000n\000g}{chapter.1}% 5
\BOOKMARK [1][-]{section.1.2}{\376\377\000S\000t\000r\000u\000c\000t\000u\000r\000e\000\040\000o\000f\000\040\000T\000h\000e\000s\000i\000s}{chapter.1}% 6
\BOOKMARK [0][-]{section.1.2}{\376\377\000N\000o\000t\000a\000t\000i\000o\000n\000\040\000a\000n\000d\000\040\000C\000o\000n\000v\000e\000n\000t\000i\000o\000n\000s}{}% 7
\BOOKMARK [-1][-]{part.1}{\376\377\000I\000\040\000T\000h\000e\000o\000r\000y}{}% 8
\BOOKMARK [0][-]{chapter.2}{\376\377\000T\000h\000e\000\040\000S\000t\000a\000n\000d\000a\000r\000d\000\040\000M\000o\000d\000e\000l\000\040\000o\000f\000\040\000P\000a\000r\000t\000i\000c\000l\000e\000\040\000P\000h\000y\000s\000i\000c\000s}{part.1}% 9
\BOOKMARK [1][-]{section.2.1}{\376\377\000P\000a\000r\000t\000i\000c\000l\000e\000\040\000a\000n\000d\000\040\000F\000o\000r\000c\000e\000\040\000C\000o\000n\000t\000e\000n\000t\000s}{chapter.2}% 10
\BOOKMARK [2][-]{subsection.2.1.1}{\376\377\000G\000a\000u\000g\000e\000\040\000B\000o\000s\000o\000n\000s}{section.2.1}% 11
\BOOKMARK [2][-]{subsection.2.1.2}{\376\377\000H\000i\000g\000g\000s\000\040\000B\000o\000s\000o\000n}{section.2.1}% 12
\BOOKMARK [2][-]{subsection.2.1.3}{\376\377\000F\000e\000r\000m\000i\000o\000n\000s}{section.2.1}% 13
\BOOKMARK [1][-]{section.2.2}{\376\377\000N\000e\000u\000t\000r\000i\000n\000o\000s}{chapter.2}% 14
\BOOKMARK [2][-]{subsection.2.2.1}{\376\377\000N\000e\000u\000t\000r\000i\000n\000o\000\040\000O\000s\000c\000i\000l\000l\000a\000t\000i\000o\000n\000s}{section.2.2}% 15
\BOOKMARK [1][-]{section.2.3}{\376\377\000S\000y\000m\000m\000e\000t\000r\000i\000e\000s}{chapter.2}% 16
\BOOKMARK [1][-]{section.2.4}{\376\377\000Q\000u\000a\000n\000t\000u\000m\000\040\000F\000i\000e\000l\000d\000\040\000T\000h\000e\000o\000r\000y}{chapter.2}% 17
\BOOKMARK [2][-]{subsection.2.4.1}{\376\377\000T\000h\000e\000\040\000L\000a\000g\000r\000a\000n\000g\000i\000a\000n}{section.2.4}% 18
\BOOKMARK [2][-]{subsection.2.4.2}{\376\377\000Q\000a\000u\000g\000e\000\040\000T\000h\000e\000o\000r\000i\000e\000s}{section.2.4}% 19
\BOOKMARK [0][-]{chapter.3}{\376\377\000N\000e\000u\000t\000r\000i\000n\000o\000s\000\040\000B\000e\000y\000o\000n\000d\000\040\000t\000h\000e\000\040\000S\000t\000a\000n\000d\000a\000r\000d\000\040\000M\000o\000d\000e\000l}{part.1}% 20
\BOOKMARK [1][-]{section.3.1}{\376\377\000N\000e\000u\000t\000r\000i\000n\000o\000\040\000M\000a\000s\000s\000e\000s}{chapter.3}% 21
\BOOKMARK [2][-]{subsection.3.1.1}{\376\377\000D\000i\000r\000a\000c\000\040\000N\000e\000u\000t\000r\000i\000n\000o\000s}{section.3.1}% 22
\BOOKMARK [2][-]{subsection.3.1.2}{\376\377\000M\000a\000j\000o\000r\000a\000n\000a\000\040\000N\000e\000u\000t\000r\000i\000n\000o\000s}{section.3.1}% 23
\BOOKMARK [2][-]{subsection.3.1.3}{\376\377\000P\000s\000e\000u\000d\000o\000-\000D\000i\000r\000a\000c\000\040\000N\000e\000u\000t\000r\000i\000n\000o\000s}{section.3.1}% 24
\BOOKMARK [2][-]{subsection.3.1.4}{\376\377\000T\000h\000e\000\040\000S\000e\000e\000s\000a\000w\000\040\000M\000e\000c\000h\000a\000n\000i\000s\000m}{section.3.1}% 25
\BOOKMARK [1][-]{section.3.2}{\376\377\000T\000h\000e\000\040\000C\000h\000a\000r\000g\000e\000\040\000C\000u\000r\000r\000e\000n\000t\000\040\000D\000r\000e\000l\000l\000-\000Y\000a\000n\000\040\000P\000r\000o\000c\000e\000s\000s}{chapter.3}% 26
\BOOKMARK [0][-]{chapter.4}{\376\377\000P\000r\000o\000t\000o\000n\000-\000P\000r\000o\000t\000o\000n\000\040\000C\000o\000l\000l\000i\000s\000i\000o\000n\000s}{part.1}% 27
\BOOKMARK [1][-]{section.4.1}{\376\377\000P\000a\000r\000t\000i\000c\000l\000e\000\040\000K\000i\000n\000e\000m\000a\000t\000i\000c\000s}{chapter.4}% 28
\BOOKMARK [2][-]{subsection.4.1.1}{\376\377\000C\000o\000l\000l\000i\000d\000i\000n\000g\000\040\000P\000a\000r\000t\000i\000c\000l\000e\000s}{section.4.1}% 29
\BOOKMARK [2][-]{subsection.4.1.2}{\376\377\000P\000r\000o\000d\000u\000c\000t\000s\000\040\000o\000f\000\040\000P\000a\000r\000t\000i\000c\000l\000e\000\040\000C\000o\000l\000l\000i\000s\000i\000o\000n\000s}{section.4.1}% 30
\BOOKMARK [1][-]{section.4.2}{\376\377\000P\000r\000o\000t\000o\000n\000-\000P\000r\000o\000t\000o\000n\000\040\000I\000n\000t\000e\000r\000a\000c\000t\000i\000o\000n\000s}{chapter.4}% 31
\BOOKMARK [2][-]{subsection.4.2.1}{\376\377\000H\000a\000r\000d\000\040\000S\000c\000a\000t\000t\000e\000r\000i\000n\000g\000\040\000E\000v\000e\000n\000t\000s}{section.4.2}% 32
\BOOKMARK [2][-]{subsection.4.2.2}{\376\377\000P\000a\000r\000t\000o\000n\000\040\000D\000i\000s\000t\000r\000i\000b\000u\000t\000i\000o\000n\000\040\000F\000u\000n\000c\000t\000i\000o\000n}{section.4.2}% 33
\BOOKMARK [2][-]{subsection.4.2.3}{\376\377\000H\000a\000d\000r\000o\000n\000i\000z\000a\000t\000i\000o\000n}{section.4.2}% 34
\BOOKMARK [0][-]{chapter.5}{\376\377\000P\000a\000r\000t\000i\000c\000l\000e\000\040\000A\000c\000c\000e\000l\000e\000r\000a\000t\000o\000r\000s\000\040\000a\000n\000d\000\040\000C\000o\000l\000l\000i\000d\000e\000r\000\040\000E\000x\000p\000e\000r\000i\000m\000e\000n\000t\000s}{part.1}% 35
\BOOKMARK [1][-]{section.5.1}{\376\377\000C\000E\000R\000N}{chapter.5}% 36
\BOOKMARK [1][-]{section.5.2}{\376\377\000T\000h\000e\000\040\000L\000H\000C\000\040\000a\000n\000d\000\040\000A\000c\000c\000e\000l\000e\000r\000a\000t\000o\000r\000\040\000E\000x\000p\000e\000r\000i\000m\000e\000n\000t\000s}{chapter.5}% 37
\BOOKMARK [2][-]{subsection.5.2.1}{\376\377\000I\000m\000p\000o\000r\000t\000a\000n\000t\000\040\000P\000a\000r\000a\000m\000e\000t\000e\000r\000s}{section.5.2}% 38
\BOOKMARK [1][-]{section.5.3}{\376\377\000T\000h\000e\000\040\000A\000T\000L\000A\000S\000\040\000E\000x\000p\000e\000r\000i\000m\000e\000n\000t\000\040\000a\000n\000d\000\040\000P\000a\000r\000t\000i\000c\000l\000e\000\040\000D\000e\000t\000e\000c\000t\000i\000o\000n}{chapter.5}% 39
\BOOKMARK [2][-]{subsection.5.3.1}{\376\377\000I\000n\000n\000e\000r\000\040\000D\000e\000t\000e\000c\000t\000o\000r}{section.5.3}% 40
\BOOKMARK [2][-]{subsection.5.3.2}{\376\377\000C\000a\000l\000o\000r\000i\000m\000e\000t\000e\000r\000s}{section.5.3}% 41
\BOOKMARK [2][-]{subsection.5.3.3}{\376\377\000M\000u\000o\000n\000\040\000S\000p\000e\000c\000t\000r\000o\000m\000e\000t\000e\000r}{section.5.3}% 42
\BOOKMARK [2][-]{subsection.5.3.4}{\376\377\000M\000a\000g\000n\000e\000t\000\040\000S\000y\000s\000t\000e\000m}{section.5.3}% 43
\BOOKMARK [2][-]{subsection.5.3.5}{\376\377\000T\000r\000i\000g\000g\000e\000r\000\040\000S\000y\000s\000t\000e\000m}{section.5.3}% 44
\BOOKMARK [0][-]{chapter.6}{\376\377\000M\000a\000c\000h\000i\000n\000e\000\040\000L\000e\000a\000r\000n\000i\000n\000g}{part.1}% 45
\BOOKMARK [1][-]{section.6.1}{\376\377\000I\000n\000t\000r\000o\000d\000u\000c\000t\000i\000o\000n}{chapter.6}% 46
\BOOKMARK [1][-]{section.6.2}{\376\377\000S\000u\000p\000e\000r\000v\000i\000s\000e\000d\000\040\000L\000e\000a\000r\000n\000i\000n\000g}{chapter.6}% 47
\BOOKMARK [2][-]{subsection.6.2.1}{\376\377\000B\000a\000s\000i\000c\000s\000\040\000o\000f\000\040\000S\000t\000a\000t\000i\000s\000t\000i\000c\000a\000l\000\040\000L\000e\000a\000r\000n\000i\000n\000g}{section.6.2}% 48
\BOOKMARK [2][-]{subsection.6.2.2}{\376\377\000B\000i\000a\000s\000-\000V\000a\000r\000i\000a\000n\000c\000e\000\040\000D\000e\000c\000o\000m\000p\000o\000s\000i\000t\000i\000o\000n}{section.6.2}% 49
\BOOKMARK [2][-]{subsection.6.2.3}{\376\377\000B\000i\000a\000s\000-\000V\000a\000r\000i\000a\000n\000c\000e\000\040\000T\000r\000a\000d\000e\000o\000f\000f}{section.6.2}% 50
\BOOKMARK [2][-]{subsection.6.2.4}{\376\377\000R\000e\000g\000u\000l\000a\000r\000i\000z\000a\000t\000i\000o\000n}{section.6.2}% 51
\BOOKMARK [2][-]{subsection.6.2.5}{\376\377\000H\000y\000p\000e\000r\000p\000a\000r\000a\000m\000e\000t\000e\000r\000s}{section.6.2}% 52
\BOOKMARK [1][-]{section.6.3}{\376\377\000C\000l\000a\000s\000s\000i\000f\000i\000c\000a\000t\000i\000o\000n}{chapter.6}% 53
\BOOKMARK [1][-]{section.6.4}{\376\377\000C\000l\000a\000s\000s\000i\000f\000i\000c\000a\000t\000i\000o\000n\000\040\000M\000o\000d\000e\000l\000s}{chapter.6}% 54
\BOOKMARK [2][-]{subsection.6.4.1}{\376\377\000L\000o\000g\000i\000s\000t\000i\000c\000\040\000R\000e\000g\000r\000e\000s\000s\000i\000o\000n}{section.6.4}% 55
\BOOKMARK [2][-]{subsection.6.4.2}{\376\377\000M\000u\000l\000t\000i\000-\000L\000a\000y\000e\000r\000\040\000P\000e\000r\000c\000e\000p\000t\000r\000o\000n}{section.6.4}% 56
\BOOKMARK [2][-]{subsection.6.4.3}{\376\377\000D\000e\000c\000i\000s\000i\000o\000n\000\040\000T\000r\000e\000e}{section.6.4}% 57
\BOOKMARK [2][-]{subsection.6.4.4}{\376\377\000R\000a\000n\000d\000o\000m\000\040\000F\000o\000r\000e\000s\000t}{section.6.4}% 58
\BOOKMARK [2][-]{subsection.6.4.5}{\376\377\000A\000d\000a\000B\000o\000o\000s\000t}{section.6.4}% 59
\BOOKMARK [2][-]{subsection.6.4.6}{\376\377\000G\000r\000a\000d\000i\000e\000n\000t\000\040\000B\000o\000o\000s\000t\000i\000n\000g}{section.6.4}% 60
\BOOKMARK [2][-]{subsection.6.4.7}{\376\377\000E\000x\000t\000r\000e\000m\000e\000\040\000G\000r\000a\000d\000i\000e\000n\000t\000\040\000B\000o\000o\000s\000t\000i\000n\000g}{section.6.4}% 61
\BOOKMARK [2][-]{subsection.6.4.8}{\376\377\000L\000i\000g\000h\000t\000\040\000G\000r\000a\000d\000i\000e\000n\000t\000\040\000B\000o\000o\000s\000t\000i\000n\000g\000\040\000M\000a\000c\000h\000i\000n\000e}{section.6.4}% 62
\BOOKMARK [2][-]{subsection.6.4.9}{\376\377\000M\000u\000l\000t\000i\000c\000l\000a\000s\000s\000\040\000C\000l\000a\000s\000s\000i\000f\000i\000c\000a\000t\000i\000o\000n\000\040\000M\000o\000d\000e\000l\000s}{section.6.4}% 63
\BOOKMARK [1][-]{section.6.5}{\376\377\000E\000v\000a\000l\000u\000a\000t\000i\000o\000n\000\040\000M\000e\000t\000r\000i\000c\000s}{chapter.6}% 64
\BOOKMARK [2][-]{subsection.6.5.1}{\376\377\000M\000u\000t\000u\000a\000l\000\040\000I\000n\000f\000o\000r\000m\000a\000t\000i\000o\000n}{section.6.5}% 65
\BOOKMARK [2][-]{subsection.6.5.2}{\376\377\000A\000c\000c\000u\000r\000a\000c\000y\000\040\000S\000c\000o\000r\000e}{section.6.5}% 66
\BOOKMARK [2][-]{subsection.6.5.3}{\376\377\000C\000o\000h\000e\000n\000\040\000K\000a\000p\000p\000a\000\040\000S\000c\000o\000r\000e}{section.6.5}% 67
\BOOKMARK [2][-]{subsection.6.5.4}{\376\377\000E\000r\000r\000o\000r\000\040\000E\000v\000a\000l\000u\000a\000t\000i\000o\000n}{section.6.5}% 68
\BOOKMARK [2][-]{subsection.6.5.5}{\376\377\000C\000l\000a\000s\000s\000i\000f\000i\000c\000a\000t\000i\000o\000n\000\040\000R\000e\000p\000o\000r\000t}{section.6.5}% 69
\BOOKMARK [2][-]{subsection.6.5.6}{\376\377\000C\000o\000n\000f\000u\000s\000i\000o\000n\000\040\000M\000a\000t\000r\000i\000x}{section.6.5}% 70
\BOOKMARK [2][-]{subsection.6.5.7}{\376\377\000P\000r\000e\000c\000i\000s\000i\000o\000n\000-\000R\000e\000c\000a\000l\000l\000\040\000C\000u\000r\000v\000e}{section.6.5}% 71
\BOOKMARK [2][-]{subsection.6.5.8}{\376\377\000B\000a\000l\000a\000n\000c\000e\000d\000\040\000A\000c\000c\000u\000r\000a\000c\000y}{section.6.5}% 72
\BOOKMARK [2][-]{subsection.6.5.9}{\376\377\000R\000O\000C\000\040\000C\000u\000r\000v\000e}{section.6.5}% 73
\BOOKMARK [-1][-]{part.2}{\376\377\000I\000I\000\040\000I\000m\000p\000l\000e\000m\000e\000n\000t\000a\000t\000i\000o\000n}{}% 74
\BOOKMARK [0][-]{chapter.7}{\376\377\000P\000r\000e\000p\000a\000r\000i\000n\000g\000\040\000f\000o\000r\000\040\000M\000a\000c\000h\000i\000n\000e\000\040\000L\000e\000a\000r\000n\000i\000n\000g}{part.2}% 75
\BOOKMARK [1][-]{section.7.1}{\376\377\000P\000y\000t\000h\000o\000n\000\040\000L\000i\000b\000r\000a\000r\000i\000e\000s}{chapter.7}% 76
\BOOKMARK [1][-]{section.7.2}{\376\377\000D\000a\000t\000a}{chapter.7}% 77
\BOOKMARK [1][-]{section.7.3}{\376\377\000F\000e\000a\000t\000u\000r\000e\000\040\000V\000a\000l\000i\000d\000a\000t\000i\000o\000n}{chapter.7}% 78
\BOOKMARK [1][-]{section.7.4}{\376\377\000M\000a\000k\000i\000n\000g\000\040\000N\000e\000w\000\040\000V\000a\000r\000i\000a\000b\000l\000e\000s}{chapter.7}% 79
\BOOKMARK [2][-]{subsection.7.4.1}{\376\377\000P\000l\000o\000t\000t\000i\000n\000g\000\040\000N\000e\000w\000\040\000V\000a\000r\000i\000a\000b\000l\000e\000s}{section.7.4}% 80
\BOOKMARK [0][-]{chapter.8}{\376\377\000E\000v\000a\000l\000u\000a\000t\000i\000o\000n\000\040\000o\000f\000\040\000M\000L\000\040\000M\000o\000d\000e\000l\000s}{part.2}% 81
\BOOKMARK [1][-]{section.8.1}{\376\377\000P\000r\000e\000p\000r\000o\000c\000e\000s\000s\000i\000n\000g\000\040\000o\000f\000\040\000t\000h\000e\000\040\000D\000a\000t\000a}{chapter.8}% 82
\BOOKMARK [2][-]{subsection.8.1.1}{\376\377\000I\000n\000s\000p\000e\000c\000t\000\040\000D\000a\000t\000a}{section.8.1}% 83
\BOOKMARK [2][-]{subsection.8.1.2}{\376\377\000R\000e\000s\000a\000m\000p\000l\000i\000n\000g}{section.8.1}% 84
\BOOKMARK [2][-]{subsection.8.1.3}{\376\377\000T\000r\000a\000i\000n\000,\000\040\000v\000a\000l\000i\000d\000a\000t\000i\000o\000n\000\040\000a\000n\000d\000\040\000t\000e\000s\000t\000\040\000s\000e\000t\000s}{section.8.1}% 85
\BOOKMARK [2][-]{subsection.8.1.4}{\376\377\000S\000c\000a\000l\000i\000n\000g}{section.8.1}% 86
\BOOKMARK [1][-]{section.8.2}{\376\377\000T\000r\000a\000i\000n\000i\000n\000g\000\040\000t\000h\000e\000\040\000C\000l\000a\000s\000s\000i\000f\000i\000c\000a\000t\000i\000o\000n\000\040\000M\000o\000d\000e\000l\000s}{chapter.8}% 87
\BOOKMARK [2][-]{subsection.8.2.1}{\376\377\000C\000h\000o\000o\000s\000i\000n\000g\000\040\000t\000h\000e\000\040\000B\000e\000s\000t\000\040\000P\000e\000r\000f\000o\000r\000m\000i\000n\000g\000\040\000M\000o\000d\000e\000l\000s}{section.8.2}% 88
\BOOKMARK [1][-]{section.8.3}{\376\377\000C\000l\000a\000s\000s\000i\000f\000i\000c\000a\000t\000i\000o\000n\000\040\000w\000i\000t\000h\000\040\000T\000e\000s\000t\000\040\000S\000e\000t}{chapter.8}% 89
\BOOKMARK [2][-]{subsection.8.3.1}{\376\377\000E\000v\000a\000l\000u\000a\000t\000i\000o\000n\000\040\000o\000f\000\040\000t\000h\000e\000\040\000B\000e\000s\000t\000\040\000M\000o\000d\000e\000l\000s}{section.8.3}% 90
\BOOKMARK [-1][-]{part.3}{\376\377\000I\000I\000I\000\040\000R\000e\000s\000u\000l\000t\000s}{}% 91
\BOOKMARK [0][-]{chapter.9}{\376\377\000C\000l\000a\000s\000s\000i\000f\000i\000c\000a\000t\000i\000o\000n\000\040\000R\000e\000s\000u\000l\000t\000s}{part.3}% 92
\BOOKMARK [1][-]{section.9.1}{\376\377\000N\000t\000u\000p\000l\000e\000\040\000C\000l\000a\000s\000s\000i\000f\000i\000c\000a\000t\000i\000o\000n}{chapter.9}% 93
\BOOKMARK [1][-]{section.9.2}{\376\377\000S\000i\000g\000n\000a\000l\000\040\000R\000e\000g\000i\000o\000n\000\040\000D\000i\000s\000t\000r\000i\000b\000u\000t\000i\000o\000n\000s}{chapter.9}% 94
\BOOKMARK [0][-]{chapter.10}{\376\377\000D\000i\000s\000t\000r\000i\000b\000u\000t\000i\000o\000n\000\040\000A\000n\000a\000l\000y\000s\000i\000s\000\040\000o\000f\000\040\000C\000l\000a\000s\000s\000i\000f\000i\000e\000d\000\040\000N\000t\000u\000p\000l\000e\000s\000*}{part.3}% 95
\BOOKMARK [-1][-]{part.4}{\376\377\000I\000V\000\040\000D\000i\000s\000c\000u\000s\000s\000i\000o\000n\000,\000\040\000C\000o\000n\000c\000l\000u\000s\000i\000o\000n\000\040\000a\000n\000d\000\040\000F\000u\000t\000u\000r\000e\000\040\000P\000r\000o\000s\000p\000e\000c\000t\000s}{}% 96
\BOOKMARK [0][-]{chapter.11}{\376\377\000D\000i\000s\000c\000u\000s\000s\000i\000o\000n}{part.4}% 97
\BOOKMARK [1][-]{section.11.1}{\376\377\000P\000e\000r\000f\000o\000r\000m\000a\000n\000c\000e\000\040\000o\000f\000\040\000t\000h\000e\000\040\000C\000l\000a\000s\000s\000i\000f\000i\000c\000a\000t\000i\000o\000n\000\040\000M\000o\000d\000e\000l\000s}{chapter.11}% 98
\BOOKMARK [1][-]{section.11.2}{\376\377\000C\000o\000m\000p\000a\000r\000i\000n\000g\000\040\000N\000t\000u\000p\000l\000e\000\040\000D\000i\000s\000t\000r\000i\000b\000u\000t\000i\000o\000n\000s}{chapter.11}% 99
\BOOKMARK [0][-]{chapter.12}{\376\377\000C\000o\000n\000c\000l\000u\000s\000i\000o\000n\000\040\000a\000n\000d\000\040\000F\000u\000t\000u\000r\000e\000\040\000W\000o\000r\000k}{part.4}% 100
\BOOKMARK [1][-]{section.12.1}{\376\377\000C\000o\000n\000c\000l\000u\000s\000i\000o\000n}{chapter.12}% 101
\BOOKMARK [1][-]{section.12.2}{\376\377\000F\000u\000t\000u\000r\000e\000\040\000W\000o\000r\000k}{chapter.12}% 102
\BOOKMARK [-1][-]{part.5}{\376\377\000V\000\040\000A\000p\000p\000e\000n\000d\000i\000c\000e\000s}{}% 103
\BOOKMARK [0][-]{appendix.A}{\376\377\000B\000i\000a\000s\000-\000V\000a\000r\000i\000a\000n\000c\000e\000\040\000D\000e\000c\000o\000m\000p\000o\000s\000i\000t\000i\000o\000n}{part.5}% 104
\BOOKMARK [0][-]{appendix.B}{\376\377\0004\0005\0000\000\040\000G\000e\000V\000\040\000S\000i\000g\000n\000a\000l\000\040\000D\000a\000t\000a\000\040\000S\000u\000m\000m\000a\000r\000y}{part.5}% 105
\BOOKMARK [0][-]{appendix.C}{\376\377\000C\000o\000r\000r\000e\000l\000a\000t\000i\000o\000n\000s}{part.5}% 106
\BOOKMARK [0][-]{appendix.D}{\376\377\000T\000e\000s\000t\000\040\000S\000e\000t\000\040\000E\000v\000a\000l\000u\000a\000t\000i\000o\000n\000\040\000P\000l\000o\000t\000s}{part.5}% 107
\BOOKMARK [1][-]{section.D.1}{\376\377\0001\0005\0000\000\040\000G\000e\000V\000\040\000S\000i\000g\000n\000a\000l\000\040\000P\000l\000o\000t\000s}{appendix.D}% 108
\BOOKMARK [1][-]{section.D.2}{\376\377\0004\0005\0000\000\040\000G\000e\000V\000\040\000S\000i\000g\000n\000a\000l\000\040\000P\000l\000o\000t\000s}{appendix.D}% 109
\BOOKMARK [0][-]{section*.96}{\376\377\000A\000c\000r\000o\000n\000y\000m\000s}{part.5}% 110
\BOOKMARK [0][-]{appendix*.97}{\376\377\000B\000i\000b\000l\000i\000o\000g\000r\000a\000p\000h\000y}{part.5}% 111
